{"C:\\Users\\lligu\\GitHub\\matterbridge-eve-energy\\src\\index.ts": {"path":"C:\\Users\\lligu\\GitHub\\matterbridge-eve-energy\\src\\index.ts","statementMap":{"0":{"start":{"line":12,"column":2},"end":{"line":12,"column":58}}},"fnMap":{"0":{"name":"initializePlugin","decl":{"start":{"line":11,"column":24},"end":{"line":11,"column":40}},"loc":{"start":{"line":11,"column":108},"end":{"line":13,"column":1}}}},"branchMap":{},"s":{"0":1},"f":{"0":1},"b":{}}
,"C:\\Users\\lligu\\GitHub\\matterbridge-eve-energy\\src\\platform.ts": {"path":"C:\\Users\\lligu\\GitHub\\matterbridge-eve-energy\\src\\platform.ts","statementMap":{"0":{"start":{"line":11,"column":4},"end":{"line":11,"column":37}},"1":{"start":{"line":12,"column":4},"end":{"line":12,"column":62}},"2":{"start":{"line":16,"column":4},"end":{"line":16,"column":67}},"3":{"start":{"line":18,"column":4},"end":{"line":18,"column":116}},"4":{"start":{"line":20,"column":4},"end":{"line":20,"column":73}},"5":{"start":{"line":21,"column":4},"end":{"line":21,"column":53}},"6":{"start":{"line":22,"column":4},"end":{"line":22,"column":161}},"7":{"start":{"line":23,"column":4},"end":{"line":23,"column":51}},"8":{"start":{"line":24,"column":4},"end":{"line":24,"column":51}},"9":{"start":{"line":25,"column":4},"end":{"line":25,"column":54}},"10":{"start":{"line":27,"column":4},"end":{"line":27,"column":43}},"11":{"start":{"line":28,"column":4},"end":{"line":28,"column":61}},"12":{"start":{"line":31,"column":4},"end":{"line":31,"column":76}},"13":{"start":{"line":32,"column":4},"end":{"line":32,"column":40}},"14":{"start":{"line":34,"column":4},"end":{"line":34,"column":43}},"15":{"start":{"line":36,"column":4},"end":{"line":39,"column":7}},"16":{"start":{"line":37,"column":6},"end":{"line":37,"column":76}},"17":{"start":{"line":38,"column":6},"end":{"line":38,"column":38}},"18":{"start":{"line":43,"column":4},"end":{"line":43,"column":40}},"19":{"start":{"line":45,"column":4},"end":{"line":64,"column":6}},"20":{"start":{"line":47,"column":8},"end":{"line":47,"column":50}},"21":{"start":{"line":47,"column":43},"end":{"line":47,"column":50}},"22":{"start":{"line":48,"column":20},"end":{"line":48,"column":91}},"23":{"start":{"line":49,"column":8},"end":{"line":49,"column":23}},"24":{"start":{"line":50,"column":24},"end":{"line":50,"column":62}},"25":{"start":{"line":51,"column":24},"end":{"line":51,"column":85}},"26":{"start":{"line":52,"column":22},"end":{"line":52,"column":82}},"27":{"start":{"line":53,"column":28},"end":{"line":53,"column":67}},"28":{"start":{"line":54,"column":8},"end":{"line":54,"column":85}},"29":{"start":{"line":55,"column":8},"end":{"line":55,"column":94}},"30":{"start":{"line":56,"column":8},"end":{"line":56,"column":94}},"31":{"start":{"line":57,"column":8},"end":{"line":57,"column":96}},"32":{"start":{"line":58,"column":8},"end":{"line":58,"column":107}},"33":{"start":{"line":59,"column":8},"end":{"line":59,"column":36}},"34":{"start":{"line":60,"column":8},"end":{"line":60,"column":130}},"35":{"start":{"line":61,"column":8},"end":{"line":61,"column":127}},"36":{"start":{"line":68,"column":4},"end":{"line":68,"column":70}},"37":{"start":{"line":69,"column":4},"end":{"line":69,"column":32}},"38":{"start":{"line":70,"column":4},"end":{"line":70,"column":33}},"39":{"start":{"line":71,"column":4},"end":{"line":71,"column":85}},"40":{"start":{"line":71,"column":51},"end":{"line":71,"column":85}}},"fnMap":{"0":{"name":"(anonymous_0)","decl":{"start":{"line":10,"column":2},"end":{"line":10,"column":14}},"loc":{"start":{"line":10,"column":81},"end":{"line":13,"column":3}}},"1":{"name":"(anonymous_1)","decl":{"start":{"line":15,"column":11},"end":{"line":15,"column":16}},"loc":{"start":{"line":15,"column":40},"end":{"line":40,"column":3}}},"2":{"name":"(anonymous_2)","decl":{"start":{"line":36,"column":46},"end":{"line":36,"column":51}},"loc":{"start":{"line":36,"column":86},"end":{"line":39,"column":5}}},"3":{"name":"(anonymous_3)","decl":{"start":{"line":42,"column":11},"end":{"line":42,"column":16}},"loc":{"start":{"line":42,"column":28},"end":{"line":65,"column":3}}},"4":{"name":"(anonymous_4)","decl":{"start":{"line":46,"column":6},"end":{"line":46,"column":9}},"loc":{"start":{"line":46,"column":11},"end":{"line":62,"column":7}}},"5":{"name":"(anonymous_5)","decl":{"start":{"line":67,"column":11},"end":{"line":67,"column":16}},"loc":{"start":{"line":67,"column":43},"end":{"line":72,"column":3}}}},"branchMap":{"0":{"loc":{"start":{"line":16,"column":49},"end":{"line":16,"column":65}},"type":"binary-expr","locations":[{"start":{"line":16,"column":49},"end":{"line":16,"column":55}},{"start":{"line":16,"column":59},"end":{"line":16,"column":65}}]},"1":{"loc":{"start":{"line":47,"column":8},"end":{"line":47,"column":50}},"type":"if","locations":[{"start":{"line":47,"column":8},"end":{"line":47,"column":50}}]},"2":{"loc":{"start":{"line":47,"column":12},"end":{"line":47,"column":41}},"type":"binary-expr","locations":[{"start":{"line":47,"column":12},"end":{"line":47,"column":24}},{"start":{"line":47,"column":28},"end":{"line":47,"column":41}}]},"3":{"loc":{"start":{"line":51,"column":24},"end":{"line":51,"column":85}},"type":"cond-expr","locations":[{"start":{"line":51,"column":41},"end":{"line":51,"column":81}},{"start":{"line":51,"column":84},"end":{"line":51,"column":85}}]},"4":{"loc":{"start":{"line":52,"column":22},"end":{"line":52,"column":82}},"type":"cond-expr","locations":[{"start":{"line":52,"column":39},"end":{"line":52,"column":78}},{"start":{"line":52,"column":81},"end":{"line":52,"column":82}}]},"5":{"loc":{"start":{"line":60,"column":66},"end":{"line":60,"column":88}},"type":"cond-expr","locations":[{"start":{"line":60,"column":83},"end":{"line":60,"column":84}},{"start":{"line":60,"column":87},"end":{"line":60,"column":88}}]},"6":{"loc":{"start":{"line":68,"column":52},"end":{"line":68,"column":68}},"type":"binary-expr","locations":[{"start":{"line":68,"column":52},"end":{"line":68,"column":58}},{"start":{"line":68,"column":62},"end":{"line":68,"column":68}}]},"7":{"loc":{"start":{"line":71,"column":4},"end":{"line":71,"column":85}},"type":"if","locations":[{"start":{"line":71,"column":4},"end":{"line":71,"column":85}}]}},"s":{"0":6,"1":6,"2":1,"3":1,"4":1,"5":1,"6":1,"7":1,"8":1,"9":1,"10":1,"11":1,"12":1,"13":1,"14":1,"15":1,"16":0,"17":0,"18":1,"19":1,"20":0,"21":0,"22":0,"23":0,"24":0,"25":0,"26":0,"27":0,"28":0,"29":0,"30":0,"31":0,"32":0,"33":0,"34":0,"35":0,"36":1,"37":1,"38":1,"39":1,"40":0},"f":{"0":6,"1":1,"2":0,"3":1,"4":0,"5":1},"b":{"0":[1,0],"1":[0],"2":[0,0],"3":[0,0],"4":[0,0],"5":[0,0],"6":[1,0],"7":[0]}}
}
